STRG.1.1 	10 longest seed match:
TAAATTTCTTTTATTTCTGGCTTTAAA
AAAAGCATAAATCGCTTCACATGCG
CCAACAAAGCCAGTGCAAATCCACA
TTTCTTTTATTTTCTTCGAGTGTCG
CACTTTAAACCCAATTAATATTCAA
TTCATTTTTTATTTTTTGGTTAGTT
CGGAGAAGCAATTTTGGAACTTGG
ACTTTGTTAAACAGAGAGATCGAG
AAATAGCATTCTGTCCAGGCCTTT
TTTCTGCGCAGCTATTTAAACATT
STRG.2.1 	10 longest seed match:
TAAATTTCTTTTATTTCTGGCTTTAAA
AAAAGCATAAATCGCTTCACATGCG
CCAACAAAGCCAGTGCAAATCCACA
TTTCTTTTATTTTCTTCGAGTGTCG
CACTTTAAACCCAATTAATATTCAA
TTCATTTTTTATTTTTTGGTTAGTT
AAAGTGTGTTTATTAATTAAACGAA
CGGAGAAGCAATTTTGGAACTTGG
ACTTTGTTAAACAGAGAGATCGAG
AAATAGCATTCTGTCCAGGCCTTT
STRG.2.2 	10 longest seed match:
ATAAATAATGATGCTGAGTGAGCAGAGG
TAAATTTCTTTTATTTCTGGCTTTAAA
AAAAGCATAAATCGCTTCACATGCG
CCAACAAAGCCAGTGCAAATCCACA
TTTCTTTTATTTTCTTCGAGTGTCG
CACTTTAAACCCAATTAATATTCAA
TTCATTTTTTATTTTTTGGTTAGTT
AAAGTGTGTTTATTAATTAAACGAA
CGGAGAAGCAATTTTGGAACTTGG
ACTTTGTTAAACAGAGAGATCGAG
STRG.4.1 	10 longest seed match:
ATAAATAATGATGCTGAGTGAGCAGAGG
TAAATTTCTTTTATTTCTGGCTTTAAA
CTTTAAAAACACATTTCTTTGCCGCT
AATTAAATAAAAACTTGTAACTTAG
AAAAGCATAAATCGCTTCACATGCG
TTTCTTTTATTTTCTTCGAGTGTCG
CACTTTAAACCCAATTAATATTCAA
TTCATTTTTTATTTTTTGGTTAGTT
CCAACAAAGCCAGTGCAAATCCACA
CAGAAGGTACATTACTTAAAGTAAC
STRG.3.2 	10 longest seed match:
ATAAATAATGATGCTGAGTGAGCAGAGG
TAAATTTCTTTTATTTCTGGCTTTAAA
CTTTAAAAACACATTTCTTTGCCGCT
GTCCTCGGCATTGCCCTTGATGTGGG
AATTAAATAAAAACTTGTAACTTAG
AAAAGCATAAATCGCTTCACATGCG
TTTCTTTTATTTTCTTCGAGTGTCG
CACTTTAAACCCAATTAATATTCAA
TTCATTTTTTATTTTTTGGTTAGTT
CCAACAAAGCCAGTGCAAATCCACA
STRG.3.1 	10 longest seed match:
ATAAATAATGATGCTGAGTGAGCAGAGG
TAAATTTCTTTTATTTCTGGCTTTAAA
CTTTAAAAACACATTTCTTTGCCGCT
GTCCTCGGCATTGCCCTTGATGTGGG
AATTAAATAAAAACTTGTAACTTAG
AAAAGCATAAATCGCTTCACATGCG
TTTCTTTTATTTTCTTCGAGTGTCG
CACTTTAAACCCAATTAATATTCAA
TTCATTTTTTATTTTTTGGTTAGTT
CCAACAAAGCCAGTGCAAATCCACA
STRG.3.3 	10 longest seed match:
ATAAATAATGATGCTGAGTGAGCAGAGG
TAAATTTCTTTTATTTCTGGCTTTAAA
CTTTAAAAACACATTTCTTTGCCGCT
GTCCTCGGCATTGCCCTTGATGTGGG
AATTAAATAAAAACTTGTAACTTAG
AAAATCCTTTGAGCAAACACACGGG
AAAAGCATAAATCGCTTCACATGCG
TTTCTTTTATTTTCTTCGAGTGTCG
CACTTTAAACCCAATTAATATTCAA
TTCATTTTTTATTTTTTGGTTAGTT
STRG.5.1 	10 longest seed match:
ATAAATAATGATGCTGAGTGAGCAGAGG
TAAATTTCTTTTATTTCTGGCTTTAAA
GAAGCAGCCATGTGTGTGCGTGCCTA
CTTTAAAAACACATTTCTTTGCCGCT
GTCCTCGGCATTGCCCTTGATGTGGG
CGGAATTTCAATATATCGCAGCATCG
AATTAAATAAAAACTTGTAACTTAG
AAAATCCTTTGAGCAAACACACGGG
AAAAGCATAAATCGCTTCACATGCG
TTTCTTTTATTTTCTTCGAGTGTCG
STRG.6.1 	10 longest seed match:
ATAAATAATGATGCTGAGTGAGCAGAGG
TAAATTTCTTTTATTTCTGGCTTTAAA
GAAGCAGCCATGTGTGTGCGTGCCTA
CTTTAAAAACACATTTCTTTGCCGCT
GTCCTCGGCATTGCCCTTGATGTGGG
CGGAATTTCAATATATCGCAGCATCG
AATGGAAATGGAAATCAAATGCACT
AATTAAATAAAAACTTGTAACTTAG
AAAATCCTTTGAGCAAACACACGGG
AAAAGCATAAATCGCTTCACATGCG
STRG.7.1 	10 longest seed match:
ATAAATAATGATGCTGAGTGAGCAGAGG
TAAATTTCTTTTATTTCTGGCTTTAAA
GAAGCAGCCATGTGTGTGCGTGCCTA
CTTTAAAAACACATTTCTTTGCCGCT
GTCCTCGGCATTGCCCTTGATGTGGG
CGGAATTTCAATATATCGCAGCATCG
AATGGAAATGGAAATCAAATGCACT
AATTAAATAAAAACTTGTAACTTAG
AAAATCCTTTGAGCAAACACACGGG
AAAAGCATAAATCGCTTCACATGCG
STRG.7.3 	10 longest seed match:
ATAAATAATGATGCTGAGTGAGCAGAGG
TAAATTTCTTTTATTTCTGGCTTTAAA
GAAGCAGCCATGTGTGTGCGTGCCTA
CTTTAAAAACACATTTCTTTGCCGCT
GTCCTCGGCATTGCCCTTGATGTGGG
CGGAATTTCAATATATCGCAGCATCG
AATGGAAATGGAAATCAAATGCACT
AATTAAATAAAAACTTGTAACTTAG
AAAATCCTTTGAGCAAACACACGGG
AAAAGCATAAATCGCTTCACATGCG
STRG.7.4 	10 longest seed match:
ATAAATAATGATGCTGAGTGAGCAGAGG
TAAATTTCTTTTATTTCTGGCTTTAAA
GAAGCAGCCATGTGTGTGCGTGCCTA
CTTTAAAAACACATTTCTTTGCCGCT
GTCCTCGGCATTGCCCTTGATGTGGG
CGGAATTTCAATATATCGCAGCATCG
AATGGAAATGGAAATCAAATGCACT
AATTAAATAAAAACTTGTAACTTAG
AAAATCCTTTGAGCAAACACACGGG
AAAAGCATAAATCGCTTCACATGCG
STRG.7.2 	10 longest seed match:
ATAAATAATGATGCTGAGTGAGCAGAGG
TAAATTTCTTTTATTTCTGGCTTTAAA
GAAGCAGCCATGTGTGTGCGTGCCTA
CTTTAAAAACACATTTCTTTGCCGCT
GTCCTCGGCATTGCCCTTGATGTGGG
CGGAATTTCAATATATCGCAGCATCG
AATGGAAATGGAAATCAAATGCACT
AATTAAATAAAAACTTGTAACTTAG
AAAATCCTTTGAGCAAACACACGGG
AAAAGCATAAATCGCTTCACATGCG
STRG.7.5 	10 longest seed match:
ATAAATAATGATGCTGAGTGAGCAGAGG
TAAATTTCTTTTATTTCTGGCTTTAAA
GAAGCAGCCATGTGTGTGCGTGCCTA
CTTTAAAAACACATTTCTTTGCCGCT
GTCCTCGGCATTGCCCTTGATGTGGG
CGGAATTTCAATATATCGCAGCATCG
AATGGAAATGGAAATCAAATGCACT
AATTAAATAAAAACTTGTAACTTAG
AAAATCCTTTGAGCAAACACACGGG
AAAAGCATAAATCGCTTCACATGCG
STRG.7.6 	10 longest seed match:
ATAAATAATGATGCTGAGTGAGCAGAGG
TAAATTTCTTTTATTTCTGGCTTTAAA
GAAGCAGCCATGTGTGTGCGTGCCTA
CTTTAAAAACACATTTCTTTGCCGCT
GTCCTCGGCATTGCCCTTGATGTGGG
CGGAATTTCAATATATCGCAGCATCG
AATGGAAATGGAAATCAAATGCACT
AATTAAATAAAAACTTGTAACTTAG
AAAATCCTTTGAGCAAACACACGGG
AAAAGCATAAATCGCTTCACATGCG
STRG.10.5 	10 longest seed match:
ATAAATAATGATGCTGAGTGAGCAGAGG
TAAATTTCTTTTATTTCTGGCTTTAAA
GAAGCAGCCATGTGTGTGCGTGCCTA
CTTTAAAAACACATTTCTTTGCCGCT
GTCCTCGGCATTGCCCTTGATGTGGG
CGGAATTTCAATATATCGCAGCATCG
AATGGAAATGGAAATCAAATGCACT
AATTAAATAAAAACTTGTAACTTAG
AAAATCCTTTGAGCAAACACACGGG
AAAAGCATAAATCGCTTCACATGCG
STRG.9.1 	10 longest seed match:
ATAAATAATGATGCTGAGTGAGCAGAGG
TAAATTTCTTTTATTTCTGGCTTTAAA
GAAGCAGCCATGTGTGTGCGTGCCTA
CTTTAAAAACACATTTCTTTGCCGCT
GTCCTCGGCATTGCCCTTGATGTGGG
CGGAATTTCAATATATCGCAGCATCG
AATGGAAATGGAAATCAAATGCACT
AATTAAATAAAAACTTGTAACTTAG
AAAATCCTTTGAGCAAACACACGGG
AAAAGCATAAATCGCTTCACATGCG
STRG.9.2 	10 longest seed match:
ATAAATAATGATGCTGAGTGAGCAGAGG
TAAATTTCTTTTATTTCTGGCTTTAAA
GAAGCAGCCATGTGTGTGCGTGCCTA
CTTTAAAAACACATTTCTTTGCCGCT
GTCCTCGGCATTGCCCTTGATGTGGG
CGGAATTTCAATATATCGCAGCATCG
AATGGAAATGGAAATCAAATGCACT
AATTAAATAAAAACTTGTAACTTAG
AAAATCCTTTGAGCAAACACACGGG
AAAAGCATAAATCGCTTCACATGCG
STRG.9.3 	10 longest seed match:
ATAAATAATGATGCTGAGTGAGCAGAGG
TAAATTTCTTTTATTTCTGGCTTTAAA
GAAGCAGCCATGTGTGTGCGTGCCTA
CTTTAAAAACACATTTCTTTGCCGCT
GTCCTCGGCATTGCCCTTGATGTGGG
CGGAATTTCAATATATCGCAGCATCG
AATGGAAATGGAAATCAAATGCACT
AATTAAATAAAAACTTGTAACTTAG
AAAATCCTTTGAGCAAACACACGGG
AAAAGCATAAATCGCTTCACATGCG
STRG.11.1 	10 longest seed match:
ATAAATAATGATGCTGAGTGAGCAGAGG
TAAATTTCTTTTATTTCTGGCTTTAAA
GAAGCAGCCATGTGTGTGCGTGCCTA
CTTTAAAAACACATTTCTTTGCCGCT
GTCCTCGGCATTGCCCTTGATGTGGG
CGGAATTTCAATATATCGCAGCATCG
AATGGAAATGGAAATCAAATGCACT
AATTAAATAAAAACTTGTAACTTAG
AAAATCCTTTGAGCAAACACACGGG
TTGTGTGTTTACTTAACTAGAGAAA
STRG.12.1 	10 longest seed match:
ATAAATAATGATGCTGAGTGAGCAGAGG
TAAATTTCTTTTATTTCTGGCTTTAAA
AACACTTAAATTGCATAGGTTAATTA
TTGTTAGGTACAAATTTTGCAATCTT
GAAGCAGCCATGTGTGTGCGTGCCTA
CTTTAAAAACACATTTCTTTGCCGCT
GTCCTCGGCATTGCCCTTGATGTGGG
CGGAATTTCAATATATCGCAGCATCG
AATGGAAATGGAAATCAAATGCACT
TGTGCGAAATTTGCATAGGATTGCA
STRG.10.6 	10 longest seed match:
ATAAATAATGATGCTGAGTGAGCAGAGG
TAAATTTCTTTTATTTCTGGCTTTAAA
AACACTTAAATTGCATAGGTTAATTA
TTGTTAGGTACAAATTTTGCAATCTT
GAAGCAGCCATGTGTGTGCGTGCCTA
CTTTAAAAACACATTTCTTTGCCGCT
GTCCTCGGCATTGCCCTTGATGTGGG
CGGAATTTCAATATATCGCAGCATCG
AATGGAAATGGAAATCAAATGCACT
TGTGCGAAATTTGCATAGGATTGCA
STRG.10.1 	10 longest seed match:
ATAAATAATGATGCTGAGTGAGCAGAGG
TAAATTTCTTTTATTTCTGGCTTTAAA
AACACTTAAATTGCATAGGTTAATTA
TTGTTAGGTACAAATTTTGCAATCTT
GAAGCAGCCATGTGTGTGCGTGCCTA
CTTTAAAAACACATTTCTTTGCCGCT
GTCCTCGGCATTGCCCTTGATGTGGG
CGGAATTTCAATATATCGCAGCATCG
AATGGAAATGGAAATCAAATGCACT
TGTGCGAAATTTGCATAGGATTGCA
STRG.10.4 	10 longest seed match:
ATAAATAATGATGCTGAGTGAGCAGAGG
TAAATTTCTTTTATTTCTGGCTTTAAA
AACACTTAAATTGCATAGGTTAATTA
TTGTTAGGTACAAATTTTGCAATCTT
GAAGCAGCCATGTGTGTGCGTGCCTA
CTTTAAAAACACATTTCTTTGCCGCT
GTCCTCGGCATTGCCCTTGATGTGGG
CGGAATTTCAATATATCGCAGCATCG
AATGGAAATGGAAATCAAATGCACT
TGTGCGAAATTTGCATAGGATTGCA
STRG.10.3 	10 longest seed match:
ATAAATAATGATGCTGAGTGAGCAGAGG
TAAATTTCTTTTATTTCTGGCTTTAAA
AACACTTAAATTGCATAGGTTAATTA
TTGTTAGGTACAAATTTTGCAATCTT
GAAGCAGCCATGTGTGTGCGTGCCTA
CTTTAAAAACACATTTCTTTGCCGCT
GTCCTCGGCATTGCCCTTGATGTGGG
CGGAATTTCAATATATCGCAGCATCG
AATGGAAATGGAAATCAAATGCACT
TGTGCGAAATTTGCATAGGATTGCA
STRG.10.2 	10 longest seed match:
ATAAATAATGATGCTGAGTGAGCAGAGG
TAAATTTCTTTTATTTCTGGCTTTAAA
AACACTTAAATTGCATAGGTTAATTA
TTGTTAGGTACAAATTTTGCAATCTT
GAAGCAGCCATGTGTGTGCGTGCCTA
CTTTAAAAACACATTTCTTTGCCGCT
GTCCTCGGCATTGCCCTTGATGTGGG
CGGAATTTCAATATATCGCAGCATCG
AATGGAAATGGAAATCAAATGCACT
TGTGCGAAATTTGCATAGGATTGCA
STRG.8.1 	10 longest seed match:
ATAAATAATGATGCTGAGTGAGCAGAGG
TAAATTTCTTTTATTTCTGGCTTTAAA
AACACTTAAATTGCATAGGTTAATTA
TTGTTAGGTACAAATTTTGCAATCTT
GAAGCAGCCATGTGTGTGCGTGCCTA
CTTTAAAAACACATTTCTTTGCCGCT
GTCCTCGGCATTGCCCTTGATGTGGG
TTTTGTTTTGCTTACTTCTTGGCTTT
CGGAATTTCAATATATCGCAGCATCG
AATGGAAATGGAAATCAAATGCACT
STRG.18.2 	10 longest seed match:
ATAAATAATGATGCTGAGTGAGCAGAGG
CCGCAGCAGCAGCAGCTGCAGCAACAG
TAAATTTCTTTTATTTCTGGCTTTAAA
GGAGCAGCAGGAACAGGAGGAGGAGCT
CCGCAGCAGCAGCAGCAGCAGCGATGC
GAAGCAGCCATGTGTGTGCGTGCCTA
GAGGAGGAGCTGCAGCCAGGGATTCG
TTTTGTTTTGCTTACTTCTTGGCTTT
CAGCAGCAGCAGCTCCAGCTCCAGCT
CACATTTGCCAAAAGTAGGAAAAGTA
STRG.18.1 	10 longest seed match:
ATAAATAATGATGCTGAGTGAGCAGAGG
CCGCAGCAGCAGCAGCTGCAGCAACAG
TAAATTTCTTTTATTTCTGGCTTTAAA
GGAGCAGCAGGAACAGGAGGAGGAGCT
CCGCAGCAGCAGCAGCAGCAGCGATGC
GAAGCAGCCATGTGTGTGCGTGCCTA
GAGGAGGAGCTGCAGCCAGGGATTCG
TTTTGTTTTGCTTACTTCTTGGCTTT
CAGCAGCAGCAGCTCCAGCTCCAGCT
CACATTTGCCAAAAGTAGGAAAAGTA
STRG.19.1 	10 longest seed match:
ATAAATAATGATGCTGAGTGAGCAGAGG
CCGCAGCAGCAGCAGCTGCAGCAACAG
TAAATTTCTTTTATTTCTGGCTTTAAA
GGAGCAGCAGGAACAGGAGGAGGAGCT
CCGCAGCAGCAGCAGCAGCAGCGATGC
GAAGCAGCCATGTGTGTGCGTGCCTA
GAGGAGGAGCTGCAGCCAGGGATTCG
TTTTGTTTTGCTTACTTCTTGGCTTT
CAGCAGCAGCAGCTCCAGCTCCAGCT
CACATTTGCCAAAAGTAGGAAAAGTA
STRG.23.3 	10 longest seed match:
ATAAATAATGATGCTGAGTGAGCAGAGG
CCGCAGCAGCAGCAGCTGCAGCAACAG
TAAATTTCTTTTATTTCTGGCTTTAAA
GGAGCAGCAGGAACAGGAGGAGGAGCT
CCGCAGCAGCAGCAGCAGCAGCGATGC
GAAGCAGCCATGTGTGTGCGTGCCTA
GAGGAGGAGCTGCAGCCAGGGATTCG
TTTTGTTTTGCTTACTTCTTGGCTTT
CAGCAGCAGCAGCTCCAGCTCCAGCT
CACATTTGCCAAAAGTAGGAAAAGTA
STRG.23.1 	10 longest seed match:
ATAAATAATGATGCTGAGTGAGCAGAGG
CCGCAGCAGCAGCAGCTGCAGCAACAG
TAAATTTCTTTTATTTCTGGCTTTAAA
GGAGCAGCAGGAACAGGAGGAGGAGCT
CCGCAGCAGCAGCAGCAGCAGCGATGC
GAAGCAGCCATGTGTGTGCGTGCCTA
GAGGAGGAGCTGCAGCCAGGGATTCG
TTTTGTTTTGCTTACTTCTTGGCTTT
CAGCAGCAGCAGCTCCAGCTCCAGCT
CACATTTGCCAAAAGTAGGAAAAGTA
STRG.23.2 	10 longest seed match:
ATAAATAATGATGCTGAGTGAGCAGAGG
CCGCAGCAGCAGCAGCTGCAGCAACAG
TAAATTTCTTTTATTTCTGGCTTTAAA
GGAGCAGCAGGAACAGGAGGAGGAGCT
CCGCAGCAGCAGCAGCAGCAGCGATGC
GAAGCAGCCATGTGTGTGCGTGCCTA
GAGGAGGAGCTGCAGCCAGGGATTCG
TTTTGTTTTGCTTACTTCTTGGCTTT
CAGCAGCAGCAGCTCCAGCTCCAGCT
CACATTTGCCAAAAGTAGGAAAAGTA
STRG.20.3 	10 longest seed match:
ATAAATAATGATGCTGAGTGAGCAGAGG
CAGCAGCAGCAGCAGCAGCGATGCGGTT
CAGCAGCAGCAGCAGCAGTAGTAGTGGC
CAGCAGCAGCAGCAGCTCCAGCTCCAG
CCGCAGCAGCAGCAGCTGCAGCAACAG
TAAATTTCTTTTATTTCTGGCTTTAAA
GCAACAGCAACAACAGAAATTAATTAG
AATGGAGCGACAGGGAGGTGGGTCAAC
CAGCAGCAGCAGCAGCGATGCGGTTTG
GGAGCAGCAGGAACAGGAGGAGGAGCT
STRG.20.1 	10 longest seed match:
ATAAATAATGATGCTGAGTGAGCAGAGG
CAGCAGCAGCAGCAGCAGCGATGCGGTT
CAGCAACAGCAGCAGCAGGAAGCGCTTC
CAGCAGCAGCAGCTCCAGCTCCAGCTTG
CAGCAGCAGCAGCAGCAGTAGTAGTGGC
CAGCAGCAGCAGCAGCTCCAGCTCCAG
CCGCAGCAGCAGCAGCTGCAGCAACAG
TAAATTTCTTTTATTTCTGGCTTTAAA
GCAACAGCAACAACAGAAATTAATTAG
AATGGAGCGACAGGGAGGTGGGTCAAC
STRG.20.2 	10 longest seed match:
ATAAATAATGATGCTGAGTGAGCAGAGG
CAGCAGCAGCAGCAGCAGCGATGCGGTT
CAGCAACAGCAGCAGCAGGAAGCGCTTC
CAGCAGCAGCAGCTCCAGCTCCAGCTTG
CAGCAGCAGCAGCAGCAGTAGTAGTGGC
CAGCAGCAGCAGCAGCTCCAGCTCCAG
CCGCAGCAGCAGCAGCTGCAGCAACAG
TAAATTTCTTTTATTTCTGGCTTTAAA
GCAACAGCAACAACAGAAATTAATTAG
AATGGAGCGACAGGGAGGTGGGTCAAC
STRG.21.2 	10 longest seed match:
ATAAATAATGATGCTGAGTGAGCAGAGG
CAGCAGCAGCAGCAGCAGCGATGCGGTT
CAGCAACAGCAGCAGCAGGAAGCGCTTC
CAGCAGCAGCAGCTCCAGCTCCAGCTTG
CAGCAGCAGCAGCAGCAGTAGTAGTGGC
CAGCAGCAGCAGCAGCTCCAGCTCCAG
CCGCAGCAGCAGCAGCTGCAGCAACAG
TAAATTTCTTTTATTTCTGGCTTTAAA
GCAACAGCAACAACAGAAATTAATTAG
AATGGAGCGACAGGGAGGTGGGTCAAC
STRG.21.1 	10 longest seed match:
ATAAATAATGATGCTGAGTGAGCAGAGG
CAGCAGCAGCAGCAGCAGCGATGCGGTT
CAGCAACAGCAGCAGCAGGAAGCGCTTC
CAGCAGCAGCAGCTCCAGCTCCAGCTTG
CAGCAGCAGCAGCAGCAGTAGTAGTGGC
CAGCAGCAGCAGCAGCTCCAGCTCCAG
CCGCAGCAGCAGCAGCTGCAGCAACAG
TAAATTTCTTTTATTTCTGGCTTTAAA
GCAACAGCAACAACAGAAATTAATTAG
AATGGAGCGACAGGGAGGTGGGTCAAC
STRG.22.1 	10 longest seed match:
ATAAATAATGATGCTGAGTGAGCAGAGG
CAGCAGCAGCAGCAGCAGCGATGCGGTT
CAGCAACAGCAGCAGCAGGAAGCGCTTC
CAGCAGCAGCAGCTCCAGCTCCAGCTTG
CAGCAGCAGCAGCAGCAGTAGTAGTGGC
CAGCAGCAGCAGCAGCTCCAGCTCCAG
CCGCAGCAGCAGCAGCTGCAGCAACAG
TAAATTTCTTTTATTTCTGGCTTTAAA
GCAACAGCAACAACAGAAATTAATTAG
AATGGAGCGACAGGGAGGTGGGTCAAC
STRG.24.1 	10 longest seed match:
ATAAATAATGATGCTGAGTGAGCAGAGG
CAGCAGCAGCAGCAGCAGCGATGCGGTT
CAGCAACAGCAGCAGCAGGAAGCGCTTC
CAGCAGCAGCAGCTCCAGCTCCAGCTTG
CAGCAGCAGCAGCAGCAGTAGTAGTGGC
CAGCAGCAGCAGCAGCTCCAGCTCCAG
CCGCAGCAGCAGCAGCTGCAGCAACAG
TAAATTTCTTTTATTTCTGGCTTTAAA
GCAACAGCAACAACAGAAATTAATTAG
AATGGAGCGACAGGGAGGTGGGTCAAC
STRG.25.2 	10 longest seed match:
ATAAATAATGATGCTGAGTGAGCAGAGG
CAGCAGCAGCAGCAGCAGCGATGCGGTT
CAGCAACAGCAGCAGCAGGAAGCGCTTC
CAGCAGCAGCAGCTCCAGCTCCAGCTTG
CAGCAGCAGCAGCAGCAGTAGTAGTGGC
CAGCAGCAGCAGCAGCTCCAGCTCCAG
CCGCAGCAGCAGCAGCTGCAGCAACAG
TAAATTTCTTTTATTTCTGGCTTTAAA
GCAACAGCAACAACAGAAATTAATTAG
AATGGAGCGACAGGGAGGTGGGTCAAC
STRG.25.1 	10 longest seed match:
ATAAATAATGATGCTGAGTGAGCAGAGG
CAGCAGCAGCAGCAGCAGCGATGCGGTT
CAGCAACAGCAGCAGCAGGAAGCGCTTC
CAGCAGCAGCAGCTCCAGCTCCAGCTTG
CAGCAGCAGCAGCAGCAGTAGTAGTGGC
CAGCAGCAGCAGCAGCTCCAGCTCCAG
CCGCAGCAGCAGCAGCTGCAGCAACAG
TAAATTTCTTTTATTTCTGGCTTTAAA
GCAACAGCAACAACAGAAATTAATTAG
AATGGAGCGACAGGGAGGTGGGTCAAC
STRG.26.1 	10 longest seed match:
ATAAATAATGATGCTGAGTGAGCAGAGG
CAGCAGCAGCAGCAGCAGCGATGCGGTT
CAGCAACAGCAGCAGCAGGAAGCGCTTC
CAGCAGCAGCAGCTCCAGCTCCAGCTTG
CAGCAGCAGCAGCAGCAGTAGTAGTGGC
CAGCAGCAGCAGCAGCTCCAGCTCCAG
CCGCAGCAGCAGCAGCTGCAGCAACAG
TAAATTTCTTTTATTTCTGGCTTTAAA
CCAGAAGGACGACGACTTCCGGGTCAT
GCAACAGCAACAACAGAAATTAATTAG
STRG.26.2 	10 longest seed match:
ATAAATAATGATGCTGAGTGAGCAGAGG
CAGCAGCAGCAGCAGCAGCGATGCGGTT
CAGCAACAGCAGCAGCAGGAAGCGCTTC
CAGCAGCAGCAGCTCCAGCTCCAGCTTG
CAGCAGCAGCAGCAGCAGTAGTAGTGGC
CAGCAGCAGCAGCAGCTCCAGCTCCAG
CCGCAGCAGCAGCAGCTGCAGCAACAG
TAAATTTCTTTTATTTCTGGCTTTAAA
CCAGAAGGACGACGACTTCCGGGTCAT
GCAACAGCAACAACAGAAATTAATTAG
STRG.27.1 	10 longest seed match:
ATAAATAATGATGCTGAGTGAGCAGAGG
CAGCAGCAGCAGCAGCAGCGATGCGGTT
CAGCAACAGCAGCAGCAGGAAGCGCTTC
CAGCAGCAGCAGCTCCAGCTCCAGCTTG
CAGCAGCAGCAGCAGCAGTAGTAGTGGC
CAGCAGCAGCAGCAGCTCCAGCTCCAG
CCGCAGCAGCAGCAGCTGCAGCAACAG
TAAATTTCTTTTATTTCTGGCTTTAAA
CCAGAAGGACGACGACTTCCGGGTCAT
GCAACAGCAACAACAGAAATTAATTAG
STRG.28.1 	10 longest seed match:
ATAAATAATGATGCTGAGTGAGCAGAGG
CAGCAGCAGCAGCAGCAGCGATGCGGTT
CAGCAACAGCAGCAGCAGGAAGCGCTTC
CAGCAGCAGCAGCTCCAGCTCCAGCTTG
CAGCAGCAGCAGCAGCAGTAGTAGTGGC
CAGCAGCAGCAGCAGCTCCAGCTCCAG
CCGCAGCAGCAGCAGCTGCAGCAACAG
TAAATTTCTTTTATTTCTGGCTTTAAA
CCAGAAGGACGACGACTTCCGGGTCAT
GCAACAGCAACAACAGAAATTAATTAG
STRG.29.1 	10 longest seed match:
ATAAATAATGATGCTGAGTGAGCAGAGG
CAGCAGCAGCAGCAGCAGCGATGCGGTT
CAGCAACAGCAGCAGCAGGAAGCGCTTC
CAGCAGCAGCAGCTCCAGCTCCAGCTTG
CAGCAGCAGCAGCAGCAGTAGTAGTGGC
CAGCAGCAGCAGCAGCTCCAGCTCCAG
CCGCAGCAGCAGCAGCTGCAGCAACAG
TAAATTTCTTTTATTTCTGGCTTTAAA
CCAGAAGGACGACGACTTCCGGGTCAT
GCAACAGCAACAACAGAAATTAATTAG
STRG.32.2 	10 longest seed match:
TCGCGGCTCCCGCAGCAGCAGCAGCTGCA
ATAAATAATGATGCTGAGTGAGCAGAGG
CAGCAGCAGCAGCAGCAGCGATGCGGTT
CAGCAACAGCAGCAGCAGGAAGCGCTTC
CAGCAGCAGCAGCTCCAGCTCCAGCTTG
CAGCAGCAGCAGCAGCAGTAGTAGTGGC
CAGCAGCAGCAGCAGCTCCAGCTCCAG
CCGCAGCAGCAGCAGCTGCAGCAACAG
TAAATTTCTTTTATTTCTGGCTTTAAA
CCAGAAGGACGACGACTTCCGGGTCAT
STRG.32.1 	10 longest seed match:
TCGCGGCTCCCGCAGCAGCAGCAGCTGCA
ATAAATAATGATGCTGAGTGAGCAGAGG
CAGCAGCAGCAGCAGCAGCGATGCGGTT
CAGCAACAGCAGCAGCAGGAAGCGCTTC
CAGCAGCAGCAGCTCCAGCTCCAGCTTG
CAGCAGCAGCAGCAGCAGTAGTAGTGGC
CAGCAGCAGCAGCAGCTCCAGCTCCAG
CCGCAGCAGCAGCAGCTGCAGCAACAG
TAAATTTCTTTTATTTCTGGCTTTAAA
CCAGAAGGACGACGACTTCCGGGTCAT
STRG.30.1 	10 longest seed match:
TCGCGGCTCCCGCAGCAGCAGCAGCTGCA
ATAAATAATGATGCTGAGTGAGCAGAGG
CAGCAGCAGCAGCAGCAGCGATGCGGTT
CAGCAACAGCAGCAGCAGGAAGCGCTTC
CAGCAGCAGCAGCTCCAGCTCCAGCTTG
CAGCAGCAGCAGCAGCAGTAGTAGTGGC
CAGCAGCAGCAGCAGCTCCAGCTCCAG
CCGCAGCAGCAGCAGCTGCAGCAACAG
TAAATTTCTTTTATTTCTGGCTTTAAA
CCAGAAGGACGACGACTTCCGGGTCAT
STRG.31.1 	10 longest seed match:
CTATATATATATATATATATATACGATATGACTT
TATATATATATATATATATATACGATATGACT
TATATATATATATATATATACGATATGACTT
TATATATATATATATATATGTAGGTATACA
TATATATATATATATATATATACGATATGA
TATATATATATATATATACGATATGACTT
TCGCGGCTCCCGCAGCAGCAGCAGCTGCA
ATAAATAATGATGCTGAGTGAGCAGAGG
CAGCAGCAGCAGCAGCAGCGATGCGGTT
TATATATATATATATATATGTAGGTATA
STRG.31.2 	10 longest seed match:
CTATATATATATATATATATATACGATATGACTT
TATATATATATATATATATATACGATATGACT
TATATATATATATATATATACGATATGACTT
TATATATATATATATATATGTAGGTATACA
TATATATATATATATATATATACGATATGA
TATATATATATATATATACGATATGACTT
TCGCGGCTCCCGCAGCAGCAGCAGCTGCA
ATAAATAATGATGCTGAGTGAGCAGAGG
CAGCAGCAGCAGCAGCAGCGATGCGGTT
TATATATATATATATATATGTAGGTATA
STRG.31.3 	10 longest seed match:
CTATATATATATATATATATATACGATATGACTT
TATATATATATATATATATATACGATATGACT
TATATATATATATATATATACGATATGACTT
TATATATATATATATATATGTAGGTATACA
TATATATATATATATATATATACGATATGA
TATATATATATATATATACGATATGACTT
TCGCGGCTCCCGCAGCAGCAGCAGCTGCA
ATAAATAATGATGCTGAGTGAGCAGAGG
CAGCAGCAGCAGCAGCAGCGATGCGGTT
TATATATATATATATATATGTAGGTATA
STRG.33.1 	10 longest seed match:
CTATATATATATATATATATATACGATATGACTT
TATATATATATATATATATATACGATATGACT
TATATATATATATATATATACGATATGACTT
TATATATATATATATATATGTAGGTATACA
TATATATATATATATATATATACGATATGA
TATATATATATATATATACGATATGACTT
TCGCGGCTCCCGCAGCAGCAGCAGCTGCA
ATAAATAATGATGCTGAGTGAGCAGAGG
CAGCAGCAGCAGCAGCAGCGATGCGGTT
TATATATATATATATATATGTAGGTATA
STRG.33.2 	10 longest seed match:
CTATATATATATATATATATATACGATATGACTT
TATATATATATATATATATATACGATATGACT
TATATATATATATATATATACGATATGACTT
TATATATATATATATATATGTAGGTATACA
TATATATATATATATATATATACGATATGA
TATATATATATATATATACGATATGACTT
TCGCGGCTCCCGCAGCAGCAGCAGCTGCA
ATAAATAATGATGCTGAGTGAGCAGAGG
CAGCAGCAGCAGCAGCAGCGATGCGGTT
TATATATATATATATATATGTAGGTATA
STRG.34.1 	10 longest seed match:
CTATATATATATATATATATATACGATATGACTT
TATATATATATATATATATATACGATATGACT
TATATATATATATATATATACGATATGACTT
TATATATATATATATATATGTAGGTATACA
TATATATATATATATATATATACGATATGA
TATATATATATATATATACGATATGACTT
TCGCGGCTCCCGCAGCAGCAGCAGCTGCA
ATAAATAATGATGCTGAGTGAGCAGAGG
CAGCAGCAGCAGCAGCAGCGATGCGGTT
TATATATATATATATATATGTAGGTATA
STRG.13.1 	10 longest seed match:
CTATATATATATATATATATATACGATATGACTT
TATATATATATATATATATATACGATATGACT
TATATATATATATATATATACGATATGACTT
TATATATATATATATATATGTAGGTATACA
TATATATATATATATATATATACGATATGA
TATATATATATATATATACGATATGACTT
TCGCGGCTCCCGCAGCAGCAGCAGCTGCA
ATAAATAATGATGCTGAGTGAGCAGAGG
CAGCAGCAGCAGCAGCAGCGATGCGGTT
TATATATATATATATATATGTAGGTATA
STRG.14.1 	10 longest seed match:
CTATATATATATATATATATATACGATATGACTT
TATATATATATATATATATATACGATATGACT
TATATATATATATATATATACGATATGACTT
TATATATATATATATATATGTAGGTATACA
TATATATATATATATATATATACGATATGA
TATATATATATATATATACGATATGACTT
TCGCGGCTCCCGCAGCAGCAGCAGCTGCA
ATAAATAATGATGCTGAGTGAGCAGAGG
CAGCAGCAGCAGCAGCAGCGATGCGGTT
TATATATATATATATATATGTAGGTATA
STRG.13.2 	10 longest seed match:
CTATATATATATATATATATATACGATATGACTT
TATATATATATATATATATATACGATATGACT
TATATATATATATATATATACGATATGACTT
TATATATATATATATATATGTAGGTATACA
TATATATATATATATATATATACGATATGA
TATATATATATATATATACGATATGACTT
TCGCGGCTCCCGCAGCAGCAGCAGCTGCA
ATAAATAATGATGCTGAGTGAGCAGAGG
CAGCAGCAGCAGCAGCAGCGATGCGGTT
TATATATATATATATATATGTAGGTATA
STRG.15.1 	10 longest seed match:
CTATATATATATATATATATATACGATATGACTT
TATATATATATATATATATATACGATATGACT
TATATATATATATATATATACGATATGACTT
TATATATATATATATATATGTAGGTATACA
TATATATATATATATATATATACGATATGA
TATATATATATATATATACGATATGACTT
TCGCGGCTCCCGCAGCAGCAGCAGCTGCA
ATAAATAATGATGCTGAGTGAGCAGAGG
CAGCAGCAGCAGCAGCAGCGATGCGGTT
TATATATATATATATATATGTAGGTATA
STRG.16.1 	10 longest seed match:
CTATATATATATATATATATATACGATATGACTT
TATATATATATATATATATATACGATATGACT
TATATATATATATATATATACGATATGACTT
TATATATATATATATATATGTAGGTATACA
TATATATATATATATATATATACGATATGA
TATATATATATATATATACGATATGACTT
TCGCGGCTCCCGCAGCAGCAGCAGCTGCA
ATAAATAATGATGCTGAGTGAGCAGAGG
CAGCAGCAGCAGCAGCAGCGATGCGGTT
TATATATATATATATATATGTAGGTATA
STRG.16.2 	10 longest seed match:
CTATATATATATATATATATATACGATATGACTT
TATATATATATATATATATATACGATATGACT
TATATATATATATATATATACGATATGACTT
TATATATATATATATATATGTAGGTATACA
TATATATATATATATATATATACGATATGA
TATATATATATATATATACGATATGACTT
TCGCGGCTCCCGCAGCAGCAGCAGCTGCA
ATAAATAATGATGCTGAGTGAGCAGAGG
CAGCAGCAGCAGCAGCAGCGATGCGGTT
TATATATATATATATATATGTAGGTATA
STRG.17.1 	10 longest seed match:
CTATATATATATATATATATATACGATATGACTT
TATATATATATATATATATATACGATATGACT
TATATATATATATATATATACGATATGACTT
TATATATATATATATATATGTAGGTATACA
TATATATATATATATATATATACGATATGA
TATATATATATATATATACGATATGACTT
TCGCGGCTCCCGCAGCAGCAGCAGCTGCA
ATAAATAATGATGCTGAGTGAGCAGAGG
CAGCAGCAGCAGCAGCAGCGATGCGGTT
TATATATATATATATATATGTAGGTATA
STRG.41.2 	10 longest seed match:
CTATATATATATATATATATATACGATATGACTT
TATATATATATATATATATATACGATATGACT
TATATATATATATATATATACGATATGACTT
TATATATATATATATATATGTAGGTATACA
TATATATATATATATATATATACGATATGA
TATATATATATATATATACGATATGACTT
TCGCGGCTCCCGCAGCAGCAGCAGCTGCA
ATAAATAATGATGCTGAGTGAGCAGAGG
CAGCAGCAGCAGCAGCAGCGATGCGGTT
TATATATATATATATATATGTAGGTATA
STRG.41.3 	10 longest seed match:
CTATATATATATATATATATATACGATATGACTT
TATATATATATATATATATATACGATATGACT
TATATATATATATATATATACGATATGACTT
TATATATATATATATATATGTAGGTATACA
TATATATATATATATATATATACGATATGA
TATATATATATATATATACGATATGACTT
TCGCGGCTCCCGCAGCAGCAGCAGCTGCA
ATAAATAATGATGCTGAGTGAGCAGAGG
CAGCAGCAGCAGCAGCAGCGATGCGGTT
TATATATATATATATATATGTAGGTATA
STRG.41.1 	10 longest seed match:
CTATATATATATATATATATATACGATATGACTT
TATATATATATATATATATATACGATATGACT
TATATATATATATATATATACGATATGACTT
TATATATATATATATATATGTAGGTATACA
TATATATATATATATATATATACGATATGA
TATATATATATATATATACGATATGACTT
TCGCGGCTCCCGCAGCAGCAGCAGCTGCA
ATAAATAATGATGCTGAGTGAGCAGAGG
CAGCAGCAGCAGCAGCAGCGATGCGGTT
TATATATATATATATATATGTAGGTATA
STRG.40.1 	10 longest seed match:
CTATATATATATATATATATATACGATATGACTT
TATATATATATATATATATATACGATATGACT
TATATATATATATATATATACGATATGACTT
TATATATATATATATATATGTAGGTATACA
TATATATATATATATATATATACGATATGA
TATATATATATATATATACGATATGACTT
TCGCGGCTCCCGCAGCAGCAGCAGCTGCA
ATAAATAATGATGCTGAGTGAGCAGAGG
CAGCAGCAGCAGCAGCAGCGATGCGGTT
TATATATATATATATATATGTAGGTATA
STRG.40.2 	10 longest seed match:
CTATATATATATATATATATATACGATATGACTT
TATATATATATATATATATATACGATATGACT
TATATATATATATATATATACGATATGACTT
TATATATATATATATATATGTAGGTATACA
TATATATATATATATATATATACGATATGA
TATATATATATATATATACGATATGACTT
TCGCGGCTCCCGCAGCAGCAGCAGCTGCA
ATAAATAATGATGCTGAGTGAGCAGAGG
CAGCAGCAGCAGCAGCAGCGATGCGGTT
TATATATATATATATATATGTAGGTATA
STRG.42.1 	10 longest seed match:
CTATATATATATATATATATATACGATATGACTT
TATATATATATATATATATATACGATATGACT
TATATATATATATATATATACGATATGACTT
TATATATATATATATATATGTAGGTATACA
TATATATATATATATATATATACGATATGA
TATATATATATATATATACGATATGACTT
TCGCGGCTCCCGCAGCAGCAGCAGCTGCA
ATAAATAATGATGCTGAGTGAGCAGAGG
CAGCAGCAGCAGCAGCAGCGATGCGGTT
TATATATATATATATATATGTAGGTATA
STRG.42.2 	10 longest seed match:
CTATATATATATATATATATATACGATATGACTT
TATATATATATATATATATATACGATATGACT
TATATATATATATATATATACGATATGACTT
TATATATATATATATATATGTAGGTATACA
TATATATATATATATATATATACGATATGA
TATATATATATATATATACGATATGACTT
TCGCGGCTCCCGCAGCAGCAGCAGCTGCA
ATAAATAATGATGCTGAGTGAGCAGAGG
CAGCAGCAGCAGCAGCAGCGATGCGGTT
TATATATATATATATATATGTAGGTATA
STRG.43.3 	10 longest seed match:
CTATATATATATATATATATATACGATATGACTT
TATATATATATATATATATATACGATATGACT
TATATATATATATATATATACGATATGACTT
TATATATATATATATATATGTAGGTATACA
TATATATATATATATATATATACGATATGA
TATATATATATATATATACGATATGACTT
TCGCGGCTCCCGCAGCAGCAGCAGCTGCA
ATAAATAATGATGCTGAGTGAGCAGAGG
CAGCAGCAGCAGCAGCAGCGATGCGGTT
TATATATATATATATATATGTAGGTATA
STRG.43.1 	10 longest seed match:
CTATATATATATATATATATATACGATATGACTT
TATATATATATATATATATATACGATATGACT
TATATATATATATATATATACGATATGACTT
TATATATATATATATATATGTAGGTATACA
TATATATATATATATATATATACGATATGA
TATATATATATATATATACGATATGACTT
TCGCGGCTCCCGCAGCAGCAGCAGCTGCA
ATAAATAATGATGCTGAGTGAGCAGAGG
CAGCAGCAGCAGCAGCAGCGATGCGGTT
TATATATATATATATATATGTAGGTATA
STRG.43.2 	10 longest seed match:
CTATATATATATATATATATATACGATATGACTT
TATATATATATATATATATATACGATATGACT
TATATATATATATATATATACGATATGACTT
TATATATATATATATATATGTAGGTATACA
TATATATATATATATATATATACGATATGA
TATATATATATATATATACGATATGACTT
TCGCGGCTCCCGCAGCAGCAGCAGCTGCA
ATAAATAATGATGCTGAGTGAGCAGAGG
CAGCAGCAGCAGCAGCAGCGATGCGGTT
TATATATATATATATATATGTAGGTATA
STRG.35.1 	10 longest seed match:
CTATATATATATATATATATATACGATATGACTT
TATATATATATATATATATATACGATATGACT
TATATATATATATATATATACGATATGACTT
TATATATATATATATATATGTAGGTATACA
TATATATATATATATATATATACGATATGA
TATATATATATATATATACGATATGACTT
TCGCGGCTCCCGCAGCAGCAGCAGCTGCA
ATAAATAATGATGCTGAGTGAGCAGAGG
CAGCAGCAGCAGCAGCAGCGATGCGGTT
TATATATATATATATATATGTAGGTATA
STRG.37.1 	10 longest seed match:
CTATATATATATATATATATATACGATATGACTT
TATATATATATATATATATATACGATATGACT
TATATATATATATATATATACGATATGACTT
TATATATATATATATATATGTAGGTATACA
TATATATATATATATATATATACGATATGA
TATATATATATATATATACGATATGACTT
TCGCGGCTCCCGCAGCAGCAGCAGCTGCA
ATAAATAATGATGCTGAGTGAGCAGAGG
CAGCAGCAGCAGCAGCAGCGATGCGGTT
TATATATATATATATATATGTAGGTATA
STRG.36.1 	10 longest seed match:
CTATATATATATATATATATATACGATATGACTT
TATATATATATATATATATATACGATATGACT
TATATATATATATATATATACGATATGACTT
TATATATATATATATATATGTAGGTATACA
TATATATATATATATATATATACGATATGA
TATATATATATATATATACGATATGACTT
TCGCGGCTCCCGCAGCAGCAGCAGCTGCA
ATAAATAATGATGCTGAGTGAGCAGAGG
CAGCAGCAGCAGCAGCAGCGATGCGGTT
TATATATATATATATATATGTAGGTATA
STRG.38.1 	10 longest seed match:
CTATATATATATATATATATATACGATATGACTT
TATATATATATATATATATATACGATATGACT
TATATATATATATATATATACGATATGACTT
TATATATATATATATATATGTAGGTATACA
TATATATATATATATATATATACGATATGA
TATATATATATATATATACGATATGACTT
TCGCGGCTCCCGCAGCAGCAGCAGCTGCA
ATAAATAATGATGCTGAGTGAGCAGAGG
CAGCAGCAGCAGCAGCAGCGATGCGGTT
TATATATATATATATATATGTAGGTATA
STRG.44.1 	10 longest seed match:
CTATATATATATATATATATATACGATATGACTT
TATATATATATATATATATATACGATATGACT
TATATATATATATATATATACGATATGACTT
TATATATATATATATATATGTAGGTATACA
TATATATATATATATATATATACGATATGA
TATATATATATATATATACGATATGACTT
TCGCGGCTCCCGCAGCAGCAGCAGCTGCA
ATAAATAATGATGCTGAGTGAGCAGAGG
CAGCAGCAGCAGCAGCAGCGATGCGGTT
TATATATATATATATATATGTAGGTATA
STRG.44.2 	10 longest seed match:
CTATATATATATATATATATATACGATATGACTT
TATATATATATATATATATATACGATATGACT
TATATATATATATATATATACGATATGACTT
TATATATATATATATATATGTAGGTATACA
TATATATATATATATATATATACGATATGA
TATATATATATATATATACGATATGACTT
TCGCGGCTCCCGCAGCAGCAGCAGCTGCA
ATAAATAATGATGCTGAGTGAGCAGAGG
CAGCAGCAGCAGCAGCAGCGATGCGGTT
TATATATATATATATATATGTAGGTATA
STRG.46.1 	10 longest seed match:
CTATATATATATATATATATATACGATATGACTT
TATATATATATATATATATATACGATATGACT
TATATATATATATATATATACGATATGACTT
TATATATATATATATATATGTAGGTATACA
TATATATATATATATATATATACGATATGA
TATATATATATATATATACGATATGACTT
TCGCGGCTCCCGCAGCAGCAGCAGCTGCA
ATAAATAATGATGCTGAGTGAGCAGAGG
CAGCAGCAGCAGCAGCAGCGATGCGGTT
TATATATATATATATATATGTAGGTATA
STRG.45.1 	10 longest seed match:
CTATATATATATATATATATATACGATATGACTT
TATATATATATATATATATATACGATATGACT
TATATATATATATATATATACGATATGACTT
TATATATATATATATATATGTAGGTATACA
TATATATATATATATATATATACGATATGA
TATATATATATATATATACGATATGACTT
TCGCGGCTCCCGCAGCAGCAGCAGCTGCA
ATAAATAATGATGCTGAGTGAGCAGAGG
CAGCAGCAGCAGCAGCAGCGATGCGGTT
TATATATATATATATATATGTAGGTATA
STRG.39.1 	10 longest seed match:
CTATATATATATATATATATATACGATATGACTT
TATATATATATATATATATATACGATATGACT
TATATATATATATATATATACGATATGACTT
TATATATATATATATATATGTAGGTATACA
TATATATATATATATATATATACGATATGA
TATATATATATATATATACGATATGACTT
TCGCGGCTCCCGCAGCAGCAGCAGCTGCA
ATAAATAATGATGCTGAGTGAGCAGAGG
CAGCAGCAGCAGCAGCAGCGATGCGGTT
TATATATATATATATATATGTAGGTATA
STRG.50.1 	10 longest seed match:
CTATATATATATATATATATATACGATATGACTT
TATATATATATATATATATATACGATATGACT
TATATATATATATATATATACGATATGACTT
TATATATATATATATATATGTAGGTATACA
TATATATATATATATATATATACGATATGA
TATATATATATATATATACGATATGACTT
TCGCGGCTCCCGCAGCAGCAGCAGCTGCA
ATAAATAATGATGCTGAGTGAGCAGAGG
CAGCAGCAGCAGCAGCAGCGATGCGGTT
TATATATATATATATATATGTAGGTATA
STRG.51.1 	10 longest seed match:
CTATATATATATATATATATATACGATATGACTT
TATATATATATATATATATATACGATATGACT
TATATATATATATATATATACGATATGACTT
TATATATATATATATATATGTAGGTATACA
TATATATATATATATATATATACGATATGA
TATATATATATATATATACGATATGACTT
TCGCGGCTCCCGCAGCAGCAGCAGCTGCA
ATAAATAATGATGCTGAGTGAGCAGAGG
CAGCAGCAGCAGCAGCAGCGATGCGGTT
TATATATATATATATATATGTAGGTATA
STRG.52.1 	10 longest seed match:
CTATATATATATATATATATATACGATATGACTT
TATATATATATATATATATATACGATATGACT
TATATATATATATATATATACGATATGACTT
TATATATATATATATATATGTAGGTATACA
TATATATATATATATATATATACGATATGA
TATATATATATATATATACGATATGACTT
TCGCGGCTCCCGCAGCAGCAGCAGCTGCA
ATAAATAATGATGCTGAGTGAGCAGAGG
CAGCAGCAGCAGCAGCAGCGATGCGGTT
TATATATATATATATATATGTAGGTATA
STRG.53.1 	10 longest seed match:
CTATATATATATATATATATATACGATATGACTT
TATATATATATATATATATATACGATATGACT
TATATATATATATATATATACGATATGACTT
TATATATATATATATATATGTAGGTATACA
TATATATATATATATATATATACGATATGA
TATATATATATATATATACGATATGACTT
TCGCGGCTCCCGCAGCAGCAGCAGCTGCA
ATAAATAATGATGCTGAGTGAGCAGAGG
CAGCAGCAGCAGCAGCAGCGATGCGGTT
TATATATATATATATATATGTAGGTATA
STRG.53.2 	10 longest seed match:
CTATATATATATATATATATATACGATATGACTT
TATATATATATATATATATATACGATATGACT
TATATATATATATATATATACGATATGACTT
TATATATATATATATATATGTAGGTATACA
TATATATATATATATATATATACGATATGA
TATATATATATATATATACGATATGACTT
TCGCGGCTCCCGCAGCAGCAGCAGCTGCA
ATAAATAATGATGCTGAGTGAGCAGAGG
CAGCAGCAGCAGCAGCAGCGATGCGGTT
TATATATATATATATATATGTAGGTATA
STRG.55.1 	10 longest seed match:
CTATATATATATATATATATATACGATATGACTT
TATATATATATATATATATATACGATATGACT
TATATATATATATATATATACGATATGACTT
TATATATATATATATATATGTAGGTATACA
TATATATATATATATATATATACGATATGA
TATATATATATATATATACGATATGACTT
TCGCGGCTCCCGCAGCAGCAGCAGCTGCA
ATAAATAATGATGCTGAGTGAGCAGAGG
CAGCAGCAGCAGCAGCAGCGATGCGGTT
TATATATATATATATATATGTAGGTATA
STRG.54.1 	10 longest seed match:
CTATATATATATATATATATATACGATATGACTT
TATATATATATATATATATATACGATATGACT
TATATATATATATATATATACGATATGACTT
TATATATATATATATATATGTAGGTATACA
TATATATATATATATATATATACGATATGA
TATATATATATATATATACGATATGACTT
TCGCGGCTCCCGCAGCAGCAGCAGCTGCA
ATAAATAATGATGCTGAGTGAGCAGAGG
CAGCAGCAGCAGCAGCAGCGATGCGGTT
TATATATATATATATATATGTAGGTATA
STRG.56.1 	10 longest seed match:
CTATATATATATATATATATATACGATATGACTT
TATATATATATATATATATATACGATATGACT
TATATATATATATATATATACGATATGACTT
TATATATATATATATATATGTAGGTATACA
TATATATATATATATATATATACGATATGA
TATATATATATATATATACGATATGACTT
TCGCGGCTCCCGCAGCAGCAGCAGCTGCA
ATAAATAATGATGCTGAGTGAGCAGAGG
CAGCAGCAGCAGCAGCAGCGATGCGGTT
TATATATATATATATATATGTAGGTATA
STRG.56.2 	10 longest seed match:
CTATATATATATATATATATATACGATATGACTT
TATATATATATATATATATATACGATATGACT
TATATATATATATATATATACGATATGACTT
TATATATATATATATATATGTAGGTATACA
TATATATATATATATATATATACGATATGA
TATATATATATATATATACGATATGACTT
TCGCGGCTCCCGCAGCAGCAGCAGCTGCA
ATAAATAATGATGCTGAGTGAGCAGAGG
CAGCAGCAGCAGCAGCAGCGATGCGGTT
TATATATATATATATATATGTAGGTATA
STRG.56.3 	10 longest seed match:
CTATATATATATATATATATATACGATATGACTT
TATATATATATATATATATATACGATATGACT
TATATATATATATATATATACGATATGACTT
TATATATATATATATATATGTAGGTATACA
TATATATATATATATATATATACGATATGA
TATATATATATATATATACGATATGACTT
TCGCGGCTCCCGCAGCAGCAGCAGCTGCA
ATAAATAATGATGCTGAGTGAGCAGAGG
CAGCAGCAGCAGCAGCAGCGATGCGGTT
TATATATATATATATATATGTAGGTATA
STRG.58.1 	10 longest seed match:
CTATATATATATATATATATATACGATATGACTT
TATATATATATATATATATATACGATATGACT
TATATATATATATATATATACGATATGACTT
TATATATATATATATATATGTAGGTATACA
TATATATATATATATATATATACGATATGA
TATATATATATATATATACGATATGACTT
TCGCGGCTCCCGCAGCAGCAGCAGCTGCA
ATAAATAATGATGCTGAGTGAGCAGAGG
CAGCAGCAGCAGCAGCAGCGATGCGGTT
TGAGGTGGTCCAGGTGGTCCAGGTGGGT
STRG.57.1 	10 longest seed match:
CTATATATATATATATATATATACGATATGACTT
TATATATATATATATATATATACGATATGACT
TATATATATATATATATATACGATATGACTT
TATATATATATATATATATGTAGGTATACA
TATATATATATATATATATATACGATATGA
TATATATATATATATATACGATATGACTT
TCGCGGCTCCCGCAGCAGCAGCAGCTGCA
ATAAATAATGATGCTGAGTGAGCAGAGG
CAGCAGCAGCAGCAGCAGCGATGCGGTT
CCGCAGCAGCAGCAGCAGCAGCGATGCG
STRG.57.2 	10 longest seed match:
CTATATATATATATATATATATACGATATGACTT
TATATATATATATATATATATACGATATGACT
TATATATATATATATATATACGATATGACTT
TATATATATATATATATATGTAGGTATACA
TATATATATATATATATATATACGATATGA
TATATATATATATATATACGATATGACTT
TCGCGGCTCCCGCAGCAGCAGCAGCTGCA
ATAAATAATGATGCTGAGTGAGCAGAGG
CAGCAGCAGCAGCAGCAGCGATGCGGTT
CCGCAGCAGCAGCAGCAGCAGCGATGCG
STRG.48.1 	10 longest seed match:
CTATATATATATATATATATATACGATATGACTT
TATATATATATATATATATATACGATATGACT
TATATATATATATATATATACGATATGACTT
TATATATATATATATATATGTAGGTATACA
TATATATATATATATATATATACGATATGA
TATATATATATATATATACGATATGACTT
TCGCGGCTCCCGCAGCAGCAGCAGCTGCA
ATAAATAATGATGCTGAGTGAGCAGAGG
CAGCAGCAGCAGCAGCAGCGATGCGGTT
CCGCAGCAGCAGCAGCAGCAGCGATGCG
STRG.48.2 	10 longest seed match:
CTATATATATATATATATATATACGATATGACTT
TATATATATATATATATATATACGATATGACT
TATATATATATATATATATACGATATGACTT
TATATATATATATATATATGTAGGTATACA
TATATATATATATATATATATACGATATGA
TATATATATATATATATACGATATGACTT
TCGCGGCTCCCGCAGCAGCAGCAGCTGCA
ATAAATAATGATGCTGAGTGAGCAGAGG
CAGCAGCAGCAGCAGCAGCGATGCGGTT
CCGCAGCAGCAGCAGCAGCAGCGATGCG
STRG.47.2 	10 longest seed match:
CTATATATATATATATATATATACGATATGACTT
TATATATATATATATATATATACGATATGACT
TATATATATATATATATATACGATATGACTT
TATATATATATATATATATGTAGGTATACA
TATATATATATATATATATATACGATATGA
TATATATATATATATATACGATATGACTT
TCGCGGCTCCCGCAGCAGCAGCAGCTGCA
ATAAATAATGATGCTGAGTGAGCAGAGG
CAGCAGCAGCAGCAGCAGCGATGCGGTT
CCGCAGCAGCAGCAGCAGCAGCGATGCG
STRG.47.1 	10 longest seed match:
CTATATATATATATATATATATACGATATGACTT
TATATATATATATATATATATACGATATGACT
TATATATATATATATATATACGATATGACTT
TATATATATATATATATATGTAGGTATACA
TATATATATATATATATATATACGATATGA
TATATATATATATATATACGATATGACTT
TCGCGGCTCCCGCAGCAGCAGCAGCTGCA
ATAAATAATGATGCTGAGTGAGCAGAGG
CAGCAGCAGCAGCAGCAGCGATGCGGTT
CCGCAGCAGCAGCAGCAGCAGCGATGCG
STRG.49.2 	10 longest seed match:
CTATATATATATATATATATATACGATATGACTT
TATATATATATATATATATATACGATATGACT
TATATATATATATATATATACGATATGACTT
TATATATATATATATATATGTAGGTATACA
TATATATATATATATATATATACGATATGA
TATATATATATATATATACGATATGACTT
TCGCGGCTCCCGCAGCAGCAGCAGCTGCA
ATAAATAATGATGCTGAGTGAGCAGAGG
CAGCAGCAGCAGCAGCAGCGATGCGGTT
CCGCAGCAGCAGCAGCAGCAGCGATGCG
STRG.49.1 	10 longest seed match:
CTATATATATATATATATATATACGATATGACTT
TATATATATATATATATATATACGATATGACT
TATATATATATATATATATACGATATGACTT
TATATATATATATATATATGTAGGTATACA
TATATATATATATATATATATACGATATGA
TATATATATATATATATACGATATGACTT
TCGCGGCTCCCGCAGCAGCAGCAGCTGCA
ATAAATAATGATGCTGAGTGAGCAGAGG
CAGCAGCAGCAGCAGCAGCGATGCGGTT
CCGCAGCAGCAGCAGCAGCAGCGATGCG
STRG.60.1 	10 longest seed match:
CTATATATATATATATATATATACGATATGACTT
TATATATATATATATATATATACGATATGACT
TATATATATATATATATATACGATATGACTT
TATATATATATATATATATGTAGGTATACA
TATATATATATATATATATATACGATATGA
TATATATATATATATATACGATATGACTT
TCGCGGCTCCCGCAGCAGCAGCAGCTGCA
ATAAATAATGATGCTGAGTGAGCAGAGG
CAGCAGCAGCAGCAGCAGCGATGCGGTT
CCGCAGCAGCAGCAGCAGCAGCGATGCG
STRG.59.3 	10 longest seed match:
CTATATATATATATATATATATACGATATGACTT
TATATATATATATATATATATACGATATGACT
TATATATATATATATATATACGATATGACTT
TATATATATATATATATATGTAGGTATACA
TATATATATATATATATATATACGATATGA
TATATATATATATATATACGATATGACTT
TCGCGGCTCCCGCAGCAGCAGCAGCTGCA
ATAAATAATGATGCTGAGTGAGCAGAGG
AGCAGCAGCAGCAGTAGTAGTGGCAGCT
CAGCAGCAGCAGCAGCAGCGATGCGGTT
STRG.59.1 	10 longest seed match:
CTATATATATATATATATATATACGATATGACTT
TATATATATATATATATATATACGATATGACT
TATATATATATATATATATACGATATGACTT
TATATATATATATATATATGTAGGTATACA
TATATATATATATATATATATACGATATGA
TATATATATATATATATACGATATGACTT
TCGCGGCTCCCGCAGCAGCAGCAGCTGCA
ATAAATAATGATGCTGAGTGAGCAGAGG
AGCAGCAGCAGCAGTAGTAGTGGCAGCT
CAGCAGCAGCAGCAGCAGCGATGCGGTT
STRG.59.2 	10 longest seed match:
CTATATATATATATATATATATACGATATGACTT
TATATATATATATATATATATACGATATGACT
TATATATATATATATATATACGATATGACTT
TATATATATATATATATATGTAGGTATACA
TATATATATATATATATATATACGATATGA
TATATATATATATATATACGATATGACTT
TCGCGGCTCCCGCAGCAGCAGCAGCTGCA
ATAAATAATGATGCTGAGTGAGCAGAGG
AGCAGCAGCAGCAGTAGTAGTGGCAGCT
CAGCAGCAGCAGCAGCAGCGATGCGGTT
